<?xml version="1.0" encoding="UTF-8"?>
<!-- Generated by org.testng.reporters.JUnitReportReporter -->
<testsuite skipped="0" hostname="Deadpool" name="apps.ebay.CustomerServiceForShipingAndTrackingTest" tests="3" failures="0" timestamp="24 Jun 2022 19:25:29 GMT" time="31.082" errors="0">
  <testcase name="shpping" time="9.205" classname="apps.ebay.CustomerServiceForShipingAndTrackingTest"/>
  <testcase name="ship" time="10.543" classname="apps.ebay.CustomerServiceForShipingAndTrackingTest"/>
  <testcase name="TracyourItem" time="11.334" classname="apps.ebay.CustomerServiceForShipingAndTrackingTest"/>
</testsuite> <!-- apps.ebay.CustomerServiceForShipingAndTrackingTest -->
