<?xml version="1.0" encoding="UTF-8"?>
<!-- Generated by org.testng.reporters.JUnitReportReporter -->
<testsuite skipped="0" hostname="Deadpool" name="apps.ebay.CustomerServiceForBuyingTest" tests="3" failures="0" timestamp="24 Jun 2022 19:25:29 GMT" time="32.342" errors="0">
  <testcase name="Asguest" time="11.966" classname="apps.ebay.CustomerServiceForBuyingTest"/>
  <testcase name="forBuuing" time="9.545" classname="apps.ebay.CustomerServiceForBuyingTest"/>
  <testcase name="buying" time="10.831" classname="apps.ebay.CustomerServiceForBuyingTest"/>
</testsuite> <!-- apps.ebay.CustomerServiceForBuyingTest -->
