<?xml version="1.0" encoding="UTF-8"?>
<!-- Generated by org.testng.reporters.JUnitReportReporter -->
<testsuite skipped="0" hostname="Deadpool" name="apps.ebay.LoginTest" tests="1" failures="0" timestamp="24 Jun 2022 19:25:29 GMT" time="30.035" errors="0">
  <testcase name="validLoginCred" time="30.035" classname="apps.ebay.LoginTest"/>
</testsuite> <!-- apps.ebay.LoginTest -->
