<?xml version="1.0" encoding="UTF-8"?>
<!-- Generated by org.testng.reporters.JUnitReportReporter -->
<testsuite skipped="0" hostname="Deadpool" name="apps.ebay.HomePageTest" tests="3" failures="0" timestamp="24 Jun 2022 19:25:29 GMT" time="24.593" errors="0">
  <testcase name="homeTest" time="9.352" classname="apps.ebay.HomePageTest"/>
  <testcase name="twitter" time="5.877" classname="apps.ebay.HomePageTest"/>
  <testcase name="sell" time="9.364" classname="apps.ebay.HomePageTest"/>
</testsuite> <!-- apps.ebay.HomePageTest -->
