<?xml version="1.0" encoding="UTF-8"?>
<!-- Generated by org.testng.reporters.JUnitReportReporter -->
<testsuite skipped="0" hostname="Deadpool" name="apps.ebay.HelpAndContactPageTest" tests="1" failures="0" timestamp="24 Jun 2022 19:25:29 GMT" time="15.914" errors="0">
  <testcase name="Helpand" time="15.914" classname="apps.ebay.HelpAndContactPageTest"/>
</testsuite> <!-- apps.ebay.HelpAndContactPageTest -->
