<?xml version="1.0" encoding="UTF-8"?>
<!-- Generated by org.testng.reporters.JUnitReportReporter -->
<testsuite skipped="0" hostname="Deadpool" name="apps.ebay.SocialMediaPageTest" tests="2" failures="0" timestamp="24 Jun 2022 19:25:29 GMT" time="21.992" errors="0">
  <testcase name="Twitter" time="5.854" classname="apps.ebay.SocialMediaPageTest"/>
  <testcase name="Facebook" time="16.138" classname="apps.ebay.SocialMediaPageTest"/>
</testsuite> <!-- apps.ebay.SocialMediaPageTest -->
