<?xml version="1.0" encoding="UTF-8"?>
<!-- Generated by org.testng.reporters.JUnitReportReporter -->
<testsuite skipped="0" hostname="Deadpool" name="apps.ebay.CustomerServiceForSellingTest" tests="3" failures="0" timestamp="24 Jun 2022 19:25:29 GMT" time="33.548" errors="0">
  <testcase name="sell" time="10.455" classname="apps.ebay.CustomerServiceForSellingTest"/>
  <testcase name="selling" time="8.881" classname="apps.ebay.CustomerServiceForSellingTest"/>
  <testcase name="sellOnebay" time="14.212" classname="apps.ebay.CustomerServiceForSellingTest"/>
</testsuite> <!-- apps.ebay.CustomerServiceForSellingTest -->
