<?xml version="1.0" encoding="UTF-8"?>
<!-- Generated by org.testng.reporters.JUnitReportReporter -->
<testsuite skipped="0" hostname="Deadpool" name="apps.ebay.CollectiblesArtPageTest" tests="3" failures="0" timestamp="24 Jun 2022 19:25:29 GMT" time="28.410" errors="0">
  <testcase name="Art" time="9.605" classname="apps.ebay.CollectiblesArtPageTest"/>
  <testcase name="Antiq" time="9.548" classname="apps.ebay.CollectiblesArtPageTest"/>
  <testcase name="seeAntiq" time="9.257" classname="apps.ebay.CollectiblesArtPageTest"/>
</testsuite> <!-- apps.ebay.CollectiblesArtPageTest -->
