<?xml version="1.0" encoding="UTF-8"?>
<!-- Generated by org.testng.reporters.JUnitReportReporter -->
<testsuite skipped="0" hostname="Deadpool" name="apps.ebay.SearchbarPageTest" tests="1" failures="0" timestamp="24 Jun 2022 19:25:29 GMT" time="9.716" errors="0">
  <testcase name="Search" time="9.716" classname="apps.ebay.SearchbarPageTest"/>
</testsuite> <!-- apps.ebay.SearchbarPageTest -->
