<?xml version="1.0" encoding="UTF-8"?>
<!-- Generated by org.testng.reporters.JUnitReportReporter -->
<testsuite skipped="0" hostname="Deadpool" name="apps.ebay.CustomerServiceForAccountTest" tests="3" failures="0" timestamp="24 Jun 2022 19:25:29 GMT" time="32.884" errors="0">
  <testcase name="account" time="9.031" classname="apps.ebay.CustomerServiceForAccountTest"/>
  <testcase name="SetAccount" time="11.776" classname="apps.ebay.CustomerServiceForAccountTest"/>
  <testcase name="ResetPass" time="12.077" classname="apps.ebay.CustomerServiceForAccountTest"/>
</testsuite> <!-- apps.ebay.CustomerServiceForAccountTest -->
